<?xml version="1.0" encoding="UTF-8"?>
<!-- Generated by org.testng.reporters.JUnitXMLReporter -->
<testsuite ignored="0" hostname="hp-PC" failures="0" tests="6" name="Test" time="0.131" errors="0" timestamp="23 Sep 2021 06:49:30 GMT">
  <testcase classname="com.comcast.createContact.CreateContactTest" name="createContact" time="0.025"/>
  <testcase classname="com.comcast.createContact.CreateContactTest" name="createContactWithOrg" time="0.004"/>
  <testcase classname="com.comcast.createContact.CreateContactTest" name="deleteContact" time="0.002"/>
  <testcase classname="com.comcast.CreateOrganization.CreateOrganizationTest" name="createOrgFromLead" time="0.009"/>
  <testcase classname="com.comcast.CreateOrganization.CreateOrganizationTest" name="createOrgTest" time="0.003"/>
  <testcase classname="com.comcast.CreateOrganization.CreateOrganizationTest" name="createOrgWithContact" time="0.007"/>
</testsuite> <!-- Test -->
