<?xml version="1.0" encoding="UTF-8"?>
<testng-results ignored="0" total="3" passed="3" failed="0" skipped="0">
  <reporter-output>
  </reporter-output>
  <suite started-at="2021-09-22T11:47:10Z" name="Default suite" finished-at="2021-09-22T11:47:10Z" duration-ms="224">
    <groups>
    </groups>
    <test started-at="2021-09-22T11:47:10Z" name="Default test" finished-at="2021-09-22T11:47:10Z" duration-ms="224">
      <class name="com.comcast.createContact.CreateContactTest">
        <test-method signature="createContact()[pri:0, instance:com.comcast.createContact.CreateContactTest@31920ade]" started-at="2021-09-22T11:47:10Z" name="createContact" finished-at="2021-09-22T11:47:10Z" duration-ms="52" status="PASS">
          <reporter-output>
          </reporter-output>
        </test-method> <!-- createContact -->
        <test-method signature="createContactWithOrg()[pri:0, instance:com.comcast.createContact.CreateContactTest@31920ade]" started-at="2021-09-22T11:47:10Z" name="createContactWithOrg" finished-at="2021-09-22T11:47:10Z" duration-ms="2" status="PASS">
          <reporter-output>
          </reporter-output>
        </test-method> <!-- createContactWithOrg -->
        <test-method signature="deleteContact()[pri:0, instance:com.comcast.createContact.CreateContactTest@31920ade]" started-at="2021-09-22T11:47:10Z" name="deleteContact" finished-at="2021-09-22T11:47:10Z" duration-ms="2" status="PASS">
          <reporter-output>
          </reporter-output>
        </test-method> <!-- deleteContact -->
      </class> <!-- com.comcast.createContact.CreateContactTest -->
    </test> <!-- Default test -->
  </suite> <!-- Default suite -->
</testng-results>
